<?xml version="1.0" encoding="UTF-8"?>
<testsuite xmlns:xsi="http://www.w3.org/2001/XMLSchema-instance" xsi:noNamespaceSchemaLocation="https://maven.apache.org/surefire/maven-surefire-plugin/xsd/surefire-test-report-3.0.xsd" version="3.0" name="org.apache.avro.io.TestEncodeInt" time="0.045" tests="8" errors="0" skipped="0" failures="0">
  <properties>
    <property name="sun.desktop" value="gnome"/>
    <property name="awt.toolkit" value="sun.awt.X11.XToolkit"/>
    <property name="java.specification.version" value="11"/>
    <property name="sun.cpu.isalist" value=""/>
    <property name="sun.jnu.encoding" value="UTF-8"/>
    <property name="java.class.path" value="/home/giuseppe/.m2/repository/org/apache/maven/surefire/surefire-booter/3.0.0-M4/surefire-booter-3.0.0-M4.jar:/home/giuseppe/.m2/repository/org/apache/maven/surefire/surefire-api/3.0.0-M4/surefire-api-3.0.0-M4.jar:/home/giuseppe/.m2/repository/org/apache/maven/surefire/surefire-logger-api/3.0.0-M4/surefire-logger-api-3.0.0-M4.jar:/home/giuseppe/eclipse-workspace/avro/lang/java/avro/target/test-classes:/home/giuseppe/eclipse-workspace/avro/lang/java/avro/target/classes:/home/giuseppe/.m2/repository/com/fasterxml/jackson/core/jackson-core/2.11.0/jackson-core-2.11.0.jar:/home/giuseppe/.m2/repository/com/fasterxml/jackson/core/jackson-databind/2.11.0/jackson-databind-2.11.0.jar:/home/giuseppe/.m2/repository/com/fasterxml/jackson/core/jackson-annotations/2.11.0/jackson-annotations-2.11.0.jar:/home/giuseppe/.m2/repository/org/apache/commons/commons-compress/1.20/commons-compress-1.20.jar:/home/giuseppe/.m2/repository/org/xerial/snappy/snappy-java/1.1.7.5/snappy-java-1.1.7.5.jar:/home/giuseppe/.m2/repository/org/tukaani/xz/1.8/xz-1.8.jar:/home/giuseppe/.m2/repository/com/github/luben/zstd-jni/1.4.5-2/zstd-jni-1.4.5-2.jar:/home/giuseppe/.m2/repository/org/hamcrest/hamcrest-library/2.2/hamcrest-library-2.2.jar:/home/giuseppe/.m2/repository/org/hamcrest/hamcrest-core/2.2/hamcrest-core-2.2.jar:/home/giuseppe/.m2/repository/org/hamcrest/hamcrest/2.2/hamcrest-2.2.jar:/home/giuseppe/.m2/repository/junit/junit/4.13/junit-4.13.jar:/home/giuseppe/.m2/repository/org/slf4j/slf4j-api/1.7.30/slf4j-api-1.7.30.jar:/home/giuseppe/.m2/repository/org/slf4j/slf4j-simple/1.7.30/slf4j-simple-1.7.30.jar:/home/giuseppe/.m2/repository/org/apache/maven/surefire/surefire-junit47/3.0.0-M4/surefire-junit47-3.0.0-M4.jar:/home/giuseppe/.m2/repository/org/apache/maven/surefire/common-java5/3.0.0-M4/common-java5-3.0.0-M4.jar:/home/giuseppe/.m2/repository/org/apache/maven/surefire/common-junit3/3.0.0-M4/common-junit3-3.0.0-M4.jar:/home/giuseppe/.m2/repository/org/apache/maven/surefire/common-junit4/3.0.0-M4/common-junit4-3.0.0-M4.jar:/home/giuseppe/.m2/repository/org/apache/maven/surefire/common-junit48/3.0.0-M4/common-junit48-3.0.0-M4.jar:/home/giuseppe/.m2/repository/org/apache/maven/surefire/surefire-grouper/3.0.0-M4/surefire-grouper-3.0.0-M4.jar"/>
    <property name="java.vm.vendor" value="Ubuntu"/>
    <property name="sun.arch.data.model" value="64"/>
    <property name="java.vendor.url" value="https://ubuntu.com/"/>
    <property name="user.timezone" value="Europe/Rome"/>
    <property name="java.vm.specification.version" value="11"/>
    <property name="os.name" value="Linux"/>
    <property name="sun.java.launcher" value="SUN_STANDARD"/>
    <property name="user.country" value="IT"/>
    <property name="sun.boot.library.path" value="/usr/lib/jvm/java-11-openjdk-amd64/lib"/>
    <property name="sun.java.command" value="org.apache.maven.surefire.booter.ForkedBooter /home/giuseppe/eclipse-workspace/avro/lang/java/avro/target/surefire 2020-12-06T21-58-09_689-jvmRun1 surefire8852630942234398581tmp surefire_05208258879963123461tmp"/>
    <property name="jdk.debug" value="release"/>
    <property name="surefire.test.class.path" value="/home/giuseppe/eclipse-workspace/avro/lang/java/avro/target/test-classes:/home/giuseppe/eclipse-workspace/avro/lang/java/avro/target/classes:/home/giuseppe/.m2/repository/com/fasterxml/jackson/core/jackson-core/2.11.0/jackson-core-2.11.0.jar:/home/giuseppe/.m2/repository/com/fasterxml/jackson/core/jackson-databind/2.11.0/jackson-databind-2.11.0.jar:/home/giuseppe/.m2/repository/com/fasterxml/jackson/core/jackson-annotations/2.11.0/jackson-annotations-2.11.0.jar:/home/giuseppe/.m2/repository/org/apache/commons/commons-compress/1.20/commons-compress-1.20.jar:/home/giuseppe/.m2/repository/org/xerial/snappy/snappy-java/1.1.7.5/snappy-java-1.1.7.5.jar:/home/giuseppe/.m2/repository/org/tukaani/xz/1.8/xz-1.8.jar:/home/giuseppe/.m2/repository/com/github/luben/zstd-jni/1.4.5-2/zstd-jni-1.4.5-2.jar:/home/giuseppe/.m2/repository/org/hamcrest/hamcrest-library/2.2/hamcrest-library-2.2.jar:/home/giuseppe/.m2/repository/org/hamcrest/hamcrest-core/2.2/hamcrest-core-2.2.jar:/home/giuseppe/.m2/repository/org/hamcrest/hamcrest/2.2/hamcrest-2.2.jar:/home/giuseppe/.m2/repository/junit/junit/4.13/junit-4.13.jar:/home/giuseppe/.m2/repository/org/slf4j/slf4j-api/1.7.30/slf4j-api-1.7.30.jar:/home/giuseppe/.m2/repository/org/slf4j/slf4j-simple/1.7.30/slf4j-simple-1.7.30.jar:"/>
    <property name="sun.cpu.endian" value="little"/>
    <property name="user.home" value="/home/giuseppe"/>
    <property name="user.language" value="it"/>
    <property name="java.specification.vendor" value="Oracle Corporation"/>
    <property name="java.version.date" value="2020-11-04"/>
    <property name="java.home" value="/usr/lib/jvm/java-11-openjdk-amd64"/>
    <property name="file.separator" value="/"/>
    <property name="basedir" value="/home/giuseppe/eclipse-workspace/avro/lang/java/avro"/>
    <property name="java.vm.compressedOopsMode" value="32-bit"/>
    <property name="line.separator" value="&#10;"/>
    <property name="java.specification.name" value="Java Platform API Specification"/>
    <property name="java.vm.specification.vendor" value="Oracle Corporation"/>
    <property name="java.awt.graphicsenv" value="sun.awt.X11GraphicsEnvironment"/>
    <property name="sun.management.compiler" value="HotSpot 64-Bit Tiered Compilers"/>
    <property name="java.runtime.version" value="11.0.9.1+1-Ubuntu-0ubuntu1.18.04"/>
    <property name="user.name" value="giuseppe"/>
    <property name="path.separator" value=":"/>
    <property name="os.version" value="5.4.0-56-generic"/>
    <property name="java.runtime.name" value="OpenJDK Runtime Environment"/>
    <property name="file.encoding" value="UTF-8"/>
    <property name="java.vm.name" value="OpenJDK 64-Bit Server VM"/>
    <property name="localRepository" value="/home/giuseppe/.m2/repository"/>
    <property name="java.vendor.url.bug" value="https://bugs.launchpad.net/ubuntu/+source/openjdk-lts"/>
    <property name="java.io.tmpdir" value="/tmp"/>
    <property name="java.version" value="11.0.9.1"/>
    <property name="user.dir" value="/home/giuseppe/eclipse-workspace/avro/lang/java/avro"/>
    <property name="os.arch" value="amd64"/>
    <property name="java.vm.specification.name" value="Java Virtual Machine Specification"/>
    <property name="java.awt.printerjob" value="sun.print.PSPrinterJob"/>
    <property name="sun.os.patch.level" value="unknown"/>
    <property name="java.library.path" value="/usr/java/packages/lib:/usr/lib/x86_64-linux-gnu/jni:/lib/x86_64-linux-gnu:/usr/lib/x86_64-linux-gnu:/usr/lib/jni:/lib:/usr/lib"/>
    <property name="java.vm.info" value="mixed mode, sharing"/>
    <property name="java.vendor" value="Ubuntu"/>
    <property name="java.vm.version" value="11.0.9.1+1-Ubuntu-0ubuntu1.18.04"/>
    <property name="sun.io.unicode.encoding" value="UnicodeLittle"/>
    <property name="java.class.version" value="55.0"/>
  </properties>
  <testcase name="test[0]" classname="org.apache.avro.io.TestEncodeInt" time="0.045"/>
  <testcase name="test[3]" classname="org.apache.avro.io.TestEncodeInt" time="0.043"/>
  <testcase name="test[1]" classname="org.apache.avro.io.TestEncodeInt" time="0.043"/>
  <testcase name="test[2]" classname="org.apache.avro.io.TestEncodeInt" time="0.043"/>
  <testcase name="test[7]" classname="org.apache.avro.io.TestEncodeInt" time="0.041"/>
  <testcase name="test[4]" classname="org.apache.avro.io.TestEncodeInt" time="0.041"/>
  <testcase name="test[5]" classname="org.apache.avro.io.TestEncodeInt" time="0.04"/>
  <testcase name="test[6]" classname="org.apache.avro.io.TestEncodeInt" time="0.036"/>
</testsuite>